build/app/intermediates/manifest_merge_blame_file/release/manifest-merger-blame-release-report.txt
1<?xml version="1.0" encoding="utf-8"?>
2<manifest xmlns:android="http://schemas.android.com/apk/res/android"
3    package="com.posd2home.kitchen"
4    android:versionCode="2"
5    android:versionName="1.0.1" >
6
7    <uses-sdk
8        android:minSdkVersion="21"
8-->src/main/AndroidManifest.xml
9        android:targetSdkVersion="33" />
9-->src/main/AndroidManifest.xml
10
11    <uses-permission android:name="android.permission.INTERNET" />
11-->src/main/AndroidManifest.xml:4:5-66
11-->src/main/AndroidManifest.xml:4:22-64
12    <uses-permission android:name="android.permission.WAKE_LOCK" />
12-->[:firebase_messaging] AndroidManifest.xml:10:5-68
12-->[:firebase_messaging] AndroidManifest.xml:10:22-65
13    <uses-permission android:name="android.permission.ACCESS_NETWORK_STATE" /> <!-- Permissions options for the `notification` group -->
13-->[:firebase_messaging] AndroidManifest.xml:11:5-79
13-->[:firebase_messaging] AndroidManifest.xml:11:22-76
14    <uses-permission android:name="android.permission.POST_NOTIFICATIONS" />
14-->[:firebase_messaging] AndroidManifest.xml:13:5-77
14-->[:firebase_messaging] AndroidManifest.xml:13:22-74
15    <uses-permission android:name="android.permission.RECEIVE_BOOT_COMPLETED" />
15-->[:flutter_local_notifications] AndroidManifest.xml:9:5-81
15-->[:flutter_local_notifications] AndroidManifest.xml:9:22-78
16    <uses-permission android:name="android.permission.VIBRATE" />
16-->[:flutter_local_notifications] AndroidManifest.xml:10:5-66
16-->[:flutter_local_notifications] AndroidManifest.xml:10:22-63
17    <uses-permission android:name="android.permission.USE_FULL_SCREEN_INTENT" />
17-->[:flutter_local_notifications] AndroidManifest.xml:11:5-81
17-->[:flutter_local_notifications] AndroidManifest.xml:11:22-78
18    <uses-permission android:name="android.permission.SCHEDULE_EXACT_ALARM" /> <!-- Required by older versions of Google Play services to create IID tokens -->
18-->[:flutter_local_notifications] AndroidManifest.xml:12:5-79
18-->[:flutter_local_notifications] AndroidManifest.xml:12:22-76
19    <uses-permission android:name="com.google.android.c2dm.permission.RECEIVE" />
19-->[com.google.firebase:firebase-iid:21.1.0] AndroidManifest.xml:26:5-82
19-->[com.google.firebase:firebase-iid:21.1.0] AndroidManifest.xml:26:22-79
20
21    <permission
21-->[androidx.core:core:1.9.0] AndroidManifest.xml:22:5-24:47
22        android:name="com.posd2home.kitchen.DYNAMIC_RECEIVER_NOT_EXPORTED_PERMISSION"
22-->[androidx.core:core:1.9.0] AndroidManifest.xml:23:9-81
23        android:protectionLevel="signature" />
23-->[androidx.core:core:1.9.0] AndroidManifest.xml:24:9-44
24
25    <uses-permission android:name="com.posd2home.kitchen.DYNAMIC_RECEIVER_NOT_EXPORTED_PERMISSION" />
25-->[androidx.core:core:1.9.0] AndroidManifest.xml:26:5-97
25-->[androidx.core:core:1.9.0] AndroidManifest.xml:26:22-94
26
27    <application
27-->src/main/AndroidManifest.xml:6:5-44:19
28        android:appComponentFactory="androidx.core.app.CoreComponentFactory"
28-->[androidx.core:core:1.9.0] AndroidManifest.xml:28:18-86
29        android:icon="@mipmap/ic_launcher"
29-->src/main/AndroidManifest.xml:10:9-43
30        android:label="Posd2home Kitchen"
30-->src/main/AndroidManifest.xml:7:9-42
31        android:requestLegacyExternalStorage="true"
31-->src/main/AndroidManifest.xml:8:9-52
32        android:usesCleartextTraffic="true" >
32-->src/main/AndroidManifest.xml:9:9-44
33        <activity
33-->src/main/AndroidManifest.xml:12:9-39:20
34            android:name="com.posd2home.kitchen.MainActivity"
34-->src/main/AndroidManifest.xml:13:13-41
35            android:configChanges="orientation|keyboardHidden|keyboard|screenSize|smallestScreenSize|locale|layoutDirection|fontScale|screenLayout|density|uiMode"
35-->src/main/AndroidManifest.xml:16:13-163
36            android:exported="true"
36-->src/main/AndroidManifest.xml:18:13-36
37            android:hardwareAccelerated="true"
37-->src/main/AndroidManifest.xml:17:13-47
38            android:launchMode="singleTop"
38-->src/main/AndroidManifest.xml:14:13-43
39            android:theme="@style/LaunchTheme"
39-->src/main/AndroidManifest.xml:15:13-47
40            android:windowSoftInputMode="adjustResize" >
40-->src/main/AndroidManifest.xml:19:13-55
41            <meta-data
41-->src/main/AndroidManifest.xml:21:13-24:17
42                android:name="io.flutter.embedding.android.NormalTheme"
42-->src/main/AndroidManifest.xml:22:15-70
43                android:resource="@style/NormalTheme" />
43-->src/main/AndroidManifest.xml:23:15-52
44            <meta-data
44-->src/main/AndroidManifest.xml:26:13-29:17
45                android:name="io.flutter.embedding.android.SplashScreenDrawable"
45-->src/main/AndroidManifest.xml:27:15-79
46                android:resource="@drawable/launch_background" />
46-->src/main/AndroidManifest.xml:28:15-61
47
48            <intent-filter>
48-->src/main/AndroidManifest.xml:30:13-33:29
49                <action android:name="android.intent.action.MAIN" />
49-->src/main/AndroidManifest.xml:31:17-68
49-->src/main/AndroidManifest.xml:31:25-66
50
51                <category android:name="android.intent.category.LAUNCHER" />
51-->src/main/AndroidManifest.xml:32:17-76
51-->src/main/AndroidManifest.xml:32:27-74
52            </intent-filter>
53            <intent-filter>
53-->src/main/AndroidManifest.xml:34:13-37:29
54                <action android:name="FLUTTER_NOTIFICATION_CLICK" />
54-->src/main/AndroidManifest.xml:35:17-69
54-->src/main/AndroidManifest.xml:35:25-66
55
56                <category android:name="android.intent.category.DEFAULT" />
56-->src/main/AndroidManifest.xml:36:17-76
56-->src/main/AndroidManifest.xml:36:27-73
57            </intent-filter>
58        </activity>
59
60        <meta-data
60-->src/main/AndroidManifest.xml:41:9-43:33
61            android:name="flutterEmbedding"
61-->src/main/AndroidManifest.xml:42:13-44
62            android:value="2" />
62-->src/main/AndroidManifest.xml:43:13-30
63
64        <service
64-->[:firebase_messaging] AndroidManifest.xml:16:9-19:72
65            android:name="io.flutter.plugins.firebase.messaging.FlutterFirebaseMessagingBackgroundService"
65-->[:firebase_messaging] AndroidManifest.xml:17:13-107
66            android:exported="false"
66-->[:firebase_messaging] AndroidManifest.xml:18:13-37
67            android:permission="android.permission.BIND_JOB_SERVICE" />
67-->[:firebase_messaging] AndroidManifest.xml:19:13-69
68        <service
68-->[:firebase_messaging] AndroidManifest.xml:20:9-26:19
69            android:name="io.flutter.plugins.firebase.messaging.FlutterFirebaseMessagingService"
69-->[:firebase_messaging] AndroidManifest.xml:21:13-97
70            android:exported="false" >
70-->[:firebase_messaging] AndroidManifest.xml:22:13-37
71            <intent-filter>
71-->[:firebase_messaging] AndroidManifest.xml:23:13-25:29
72                <action android:name="com.google.firebase.MESSAGING_EVENT" />
72-->[:firebase_messaging] AndroidManifest.xml:24:17-78
72-->[:firebase_messaging] AndroidManifest.xml:24:25-75
73            </intent-filter>
74        </service>
75
76        <receiver
76-->[:firebase_messaging] AndroidManifest.xml:28:9-35:20
77            android:name="io.flutter.plugins.firebase.messaging.FlutterFirebaseMessagingReceiver"
77-->[:firebase_messaging] AndroidManifest.xml:29:13-98
78            android:exported="true"
78-->[:firebase_messaging] AndroidManifest.xml:30:13-36
79            android:permission="com.google.android.c2dm.permission.SEND" >
79-->[:firebase_messaging] AndroidManifest.xml:31:13-73
80            <intent-filter>
80-->[:firebase_messaging] AndroidManifest.xml:32:13-34:29
81                <action android:name="com.google.android.c2dm.intent.RECEIVE" />
81-->[:firebase_messaging] AndroidManifest.xml:33:17-81
81-->[:firebase_messaging] AndroidManifest.xml:33:25-78
82            </intent-filter>
83        </receiver>
84
85        <service
85-->[:firebase_messaging] AndroidManifest.xml:37:9-41:19
86            android:name="com.google.firebase.components.ComponentDiscoveryService"
86-->[:firebase_messaging] AndroidManifest.xml:37:18-89
87            android:directBootAware="true"
87-->[com.google.firebase:firebase-common:20.3.2] AndroidManifest.xml:34:13-43
88            android:exported="false" >
88-->[com.google.firebase:firebase-iid:21.1.0] AndroidManifest.xml:31:13-37
89            <meta-data
89-->[:firebase_messaging] AndroidManifest.xml:38:13-40:85
90                android:name="com.google.firebase.components:io.flutter.plugins.firebase.messaging.FlutterFirebaseAppRegistrar"
90-->[:firebase_messaging] AndroidManifest.xml:39:17-128
91                android:value="com.google.firebase.components.ComponentRegistrar" />
91-->[:firebase_messaging] AndroidManifest.xml:40:17-82
92            <meta-data
92-->[:firebase_core] AndroidManifest.xml:11:13-13:85
93                android:name="com.google.firebase.components:io.flutter.plugins.firebase.core.FlutterFirebaseCoreRegistrar"
93-->[:firebase_core] AndroidManifest.xml:12:17-124
94                android:value="com.google.firebase.components.ComponentRegistrar" />
94-->[:firebase_core] AndroidManifest.xml:13:17-82
95            <meta-data
95-->[com.google.firebase:firebase-iid:21.1.0] AndroidManifest.xml:32:13-34:85
96                android:name="com.google.firebase.components:com.google.firebase.iid.Registrar"
96-->[com.google.firebase:firebase-iid:21.1.0] AndroidManifest.xml:33:17-96
97                android:value="com.google.firebase.components.ComponentRegistrar" />
97-->[com.google.firebase:firebase-iid:21.1.0] AndroidManifest.xml:34:17-82
98            <meta-data
98-->[com.google.firebase:firebase-messaging:23.1.2] AndroidManifest.xml:55:13-57:85
99                android:name="com.google.firebase.components:com.google.firebase.messaging.FirebaseMessagingRegistrar"
99-->[com.google.firebase:firebase-messaging:23.1.2] AndroidManifest.xml:56:17-119
100                android:value="com.google.firebase.components.ComponentRegistrar" />
100-->[com.google.firebase:firebase-messaging:23.1.2] AndroidManifest.xml:57:17-82
101            <meta-data
101-->[com.google.firebase:firebase-installations:17.1.3] AndroidManifest.xml:17:13-19:85
102                android:name="com.google.firebase.components:com.google.firebase.installations.FirebaseInstallationsRegistrar"
102-->[com.google.firebase:firebase-installations:17.1.3] AndroidManifest.xml:18:17-127
103                android:value="com.google.firebase.components.ComponentRegistrar" />
103-->[com.google.firebase:firebase-installations:17.1.3] AndroidManifest.xml:19:17-82
104            <meta-data
104-->[com.google.firebase:firebase-datatransport:18.1.7] AndroidManifest.xml:27:13-29:85
105                android:name="com.google.firebase.components:com.google.firebase.datatransport.TransportRegistrar"
105-->[com.google.firebase:firebase-datatransport:18.1.7] AndroidManifest.xml:28:17-115
106                android:value="com.google.firebase.components.ComponentRegistrar" />
106-->[com.google.firebase:firebase-datatransport:18.1.7] AndroidManifest.xml:29:17-82
107        </service>
108
109        <provider
109-->[:firebase_messaging] AndroidManifest.xml:43:9-47:38
110            android:name="io.flutter.plugins.firebase.messaging.FlutterFirebaseMessagingInitProvider"
110-->[:firebase_messaging] AndroidManifest.xml:44:13-102
111            android:authorities="com.posd2home.kitchen.flutterfirebasemessaginginitprovider"
111-->[:firebase_messaging] AndroidManifest.xml:45:13-88
112            android:exported="false"
112-->[:firebase_messaging] AndroidManifest.xml:46:13-37
113            android:initOrder="99" />
113-->[:firebase_messaging] AndroidManifest.xml:47:13-35
114        <provider
114-->[:image_picker_android] AndroidManifest.xml:10:9-18:20
115            android:name="io.flutter.plugins.imagepicker.ImagePickerFileProvider"
115-->[:image_picker_android] AndroidManifest.xml:11:13-82
116            android:authorities="com.posd2home.kitchen.flutter.image_provider"
116-->[:image_picker_android] AndroidManifest.xml:12:13-74
117            android:exported="false"
117-->[:image_picker_android] AndroidManifest.xml:13:13-37
118            android:grantUriPermissions="true" >
118-->[:image_picker_android] AndroidManifest.xml:14:13-47
119            <meta-data
119-->[:image_picker_android] AndroidManifest.xml:15:13-17:75
120                android:name="android.support.FILE_PROVIDER_PATHS"
120-->[:image_picker_android] AndroidManifest.xml:16:17-67
121                android:resource="@xml/flutter_image_picker_file_paths" />
121-->[:image_picker_android] AndroidManifest.xml:17:17-72
122        </provider>
123
124        <receiver
124-->[:flutter_local_notifications] AndroidManifest.xml:16:9-18:40
125            android:name="com.dexterous.flutterlocalnotifications.ActionBroadcastReceiver"
125-->[:flutter_local_notifications] AndroidManifest.xml:17:13-91
126            android:exported="false" />
126-->[:flutter_local_notifications] AndroidManifest.xml:18:13-37
127        <receiver
127-->[:flutter_local_notifications] AndroidManifest.xml:19:9-21:40
128            android:name="com.dexterous.flutterlocalnotifications.ScheduledNotificationReceiver"
128-->[:flutter_local_notifications] AndroidManifest.xml:20:13-97
129            android:exported="false" />
129-->[:flutter_local_notifications] AndroidManifest.xml:21:13-37
130        <receiver
130-->[:flutter_local_notifications] AndroidManifest.xml:22:9-31:20
131            android:name="com.dexterous.flutterlocalnotifications.ScheduledNotificationBootReceiver"
131-->[:flutter_local_notifications] AndroidManifest.xml:23:13-101
132            android:exported="false" >
132-->[:flutter_local_notifications] AndroidManifest.xml:24:13-37
133            <intent-filter>
133-->[:flutter_local_notifications] AndroidManifest.xml:25:13-30:29
134                <action android:name="android.intent.action.BOOT_COMPLETED" />
134-->[:flutter_local_notifications] AndroidManifest.xml:26:17-79
134-->[:flutter_local_notifications] AndroidManifest.xml:26:25-76
135                <action android:name="android.intent.action.MY_PACKAGE_REPLACED" />
135-->[:flutter_local_notifications] AndroidManifest.xml:27:17-84
135-->[:flutter_local_notifications] AndroidManifest.xml:27:25-81
136                <action android:name="android.intent.action.QUICKBOOT_POWERON" />
136-->[:flutter_local_notifications] AndroidManifest.xml:28:17-82
136-->[:flutter_local_notifications] AndroidManifest.xml:28:25-79
137                <action android:name="com.htc.intent.action.QUICKBOOT_POWERON" />
137-->[:flutter_local_notifications] AndroidManifest.xml:29:17-82
137-->[:flutter_local_notifications] AndroidManifest.xml:29:25-79
138            </intent-filter>
139        </receiver>
140        <receiver
140-->[com.google.firebase:firebase-messaging:23.1.2] AndroidManifest.xml:31:9-38:20
141            android:name="com.google.firebase.iid.FirebaseInstanceIdReceiver"
141-->[com.google.firebase:firebase-messaging:23.1.2] AndroidManifest.xml:32:13-78
142            android:exported="true"
142-->[com.google.firebase:firebase-messaging:23.1.2] AndroidManifest.xml:33:13-36
143            android:permission="com.google.android.c2dm.permission.SEND" >
143-->[com.google.firebase:firebase-messaging:23.1.2] AndroidManifest.xml:34:13-73
144            <intent-filter>
144-->[:firebase_messaging] AndroidManifest.xml:32:13-34:29
145                <action android:name="com.google.android.c2dm.intent.RECEIVE" />
145-->[:firebase_messaging] AndroidManifest.xml:33:17-81
145-->[:firebase_messaging] AndroidManifest.xml:33:25-78
146            </intent-filter>
147        </receiver>
148        <!--
149             FirebaseMessagingService performs security checks at runtime,
150             but set to not exported to explicitly avoid allowing another app to call it.
151        -->
152        <service
152-->[com.google.firebase:firebase-messaging:23.1.2] AndroidManifest.xml:44:9-51:19
153            android:name="com.google.firebase.messaging.FirebaseMessagingService"
153-->[com.google.firebase:firebase-messaging:23.1.2] AndroidManifest.xml:45:13-82
154            android:directBootAware="true"
154-->[com.google.firebase:firebase-messaging:23.1.2] AndroidManifest.xml:46:13-43
155            android:exported="false" >
155-->[com.google.firebase:firebase-messaging:23.1.2] AndroidManifest.xml:47:13-37
156            <intent-filter android:priority="-500" >
156-->[:firebase_messaging] AndroidManifest.xml:23:13-25:29
157                <action android:name="com.google.firebase.MESSAGING_EVENT" />
157-->[:firebase_messaging] AndroidManifest.xml:24:17-78
157-->[:firebase_messaging] AndroidManifest.xml:24:25-75
158            </intent-filter>
159        </service>
160
161        <provider
161-->[com.google.firebase:firebase-common:20.3.2] AndroidManifest.xml:25:9-30:39
162            android:name="com.google.firebase.provider.FirebaseInitProvider"
162-->[com.google.firebase:firebase-common:20.3.2] AndroidManifest.xml:26:13-77
163            android:authorities="com.posd2home.kitchen.firebaseinitprovider"
163-->[com.google.firebase:firebase-common:20.3.2] AndroidManifest.xml:27:13-72
164            android:directBootAware="true"
164-->[com.google.firebase:firebase-common:20.3.2] AndroidManifest.xml:28:13-43
165            android:exported="false"
165-->[com.google.firebase:firebase-common:20.3.2] AndroidManifest.xml:29:13-37
166            android:initOrder="100" />
166-->[com.google.firebase:firebase-common:20.3.2] AndroidManifest.xml:30:13-36
167
168        <activity
168-->[com.google.android.gms:play-services-base:18.0.1] AndroidManifest.xml:20:9-22:45
169            android:name="com.google.android.gms.common.api.GoogleApiActivity"
169-->[com.google.android.gms:play-services-base:18.0.1] AndroidManifest.xml:20:19-85
170            android:exported="false"
170-->[com.google.android.gms:play-services-base:18.0.1] AndroidManifest.xml:22:19-43
171            android:theme="@android:style/Theme.Translucent.NoTitleBar" />
171-->[com.google.android.gms:play-services-base:18.0.1] AndroidManifest.xml:21:19-78
172
173        <meta-data
173-->[com.google.android.gms:play-services-basement:18.1.0] AndroidManifest.xml:21:9-23:69
174            android:name="com.google.android.gms.version"
174-->[com.google.android.gms:play-services-basement:18.1.0] AndroidManifest.xml:22:13-58
175            android:value="@integer/google_play_services_version" />
175-->[com.google.android.gms:play-services-basement:18.1.0] AndroidManifest.xml:23:13-66
176
177        <uses-library
177-->[androidx.window:window:1.0.0-beta04] AndroidManifest.xml:25:9-27:40
178            android:name="androidx.window.extensions"
178-->[androidx.window:window:1.0.0-beta04] AndroidManifest.xml:26:13-54
179            android:required="false" />
179-->[androidx.window:window:1.0.0-beta04] AndroidManifest.xml:27:13-37
180        <uses-library
180-->[androidx.window:window:1.0.0-beta04] AndroidManifest.xml:28:9-30:40
181            android:name="androidx.window.sidecar"
181-->[androidx.window:window:1.0.0-beta04] AndroidManifest.xml:29:13-51
182            android:required="false" />
182-->[androidx.window:window:1.0.0-beta04] AndroidManifest.xml:30:13-37
183
184        <provider
184-->[androidx.profileinstaller:profileinstaller:1.3.0] AndroidManifest.xml:24:9-32:20
185            android:name="androidx.startup.InitializationProvider"
185-->[androidx.profileinstaller:profileinstaller:1.3.0] AndroidManifest.xml:25:13-67
186            android:authorities="com.posd2home.kitchen.androidx-startup"
186-->[androidx.profileinstaller:profileinstaller:1.3.0] AndroidManifest.xml:26:13-68
187            android:exported="false" >
187-->[androidx.profileinstaller:profileinstaller:1.3.0] AndroidManifest.xml:27:13-37
188            <meta-data
188-->[androidx.profileinstaller:profileinstaller:1.3.0] AndroidManifest.xml:29:13-31:52
189                android:name="androidx.profileinstaller.ProfileInstallerInitializer"
189-->[androidx.profileinstaller:profileinstaller:1.3.0] AndroidManifest.xml:30:17-85
190                android:value="androidx.startup" />
190-->[androidx.profileinstaller:profileinstaller:1.3.0] AndroidManifest.xml:31:17-49
191        </provider>
192
193        <receiver
193-->[androidx.profileinstaller:profileinstaller:1.3.0] AndroidManifest.xml:34:9-52:20
194            android:name="androidx.profileinstaller.ProfileInstallReceiver"
194-->[androidx.profileinstaller:profileinstaller:1.3.0] AndroidManifest.xml:35:13-76
195            android:directBootAware="false"
195-->[androidx.profileinstaller:profileinstaller:1.3.0] AndroidManifest.xml:36:13-44
196            android:enabled="true"
196-->[androidx.profileinstaller:profileinstaller:1.3.0] AndroidManifest.xml:37:13-35
197            android:exported="true"
197-->[androidx.profileinstaller:profileinstaller:1.3.0] AndroidManifest.xml:38:13-36
198            android:permission="android.permission.DUMP" >
198-->[androidx.profileinstaller:profileinstaller:1.3.0] AndroidManifest.xml:39:13-57
199            <intent-filter>
199-->[androidx.profileinstaller:profileinstaller:1.3.0] AndroidManifest.xml:40:13-42:29
200                <action android:name="androidx.profileinstaller.action.INSTALL_PROFILE" />
200-->[androidx.profileinstaller:profileinstaller:1.3.0] AndroidManifest.xml:41:17-91
200-->[androidx.profileinstaller:profileinstaller:1.3.0] AndroidManifest.xml:41:25-88
201            </intent-filter>
202            <intent-filter>
202-->[androidx.profileinstaller:profileinstaller:1.3.0] AndroidManifest.xml:43:13-45:29
203                <action android:name="androidx.profileinstaller.action.SKIP_FILE" />
203-->[androidx.profileinstaller:profileinstaller:1.3.0] AndroidManifest.xml:44:17-85
203-->[androidx.profileinstaller:profileinstaller:1.3.0] AndroidManifest.xml:44:25-82
204            </intent-filter>
205            <intent-filter>
205-->[androidx.profileinstaller:profileinstaller:1.3.0] AndroidManifest.xml:46:13-48:29
206                <action android:name="androidx.profileinstaller.action.SAVE_PROFILE" />
206-->[androidx.profileinstaller:profileinstaller:1.3.0] AndroidManifest.xml:47:17-88
206-->[androidx.profileinstaller:profileinstaller:1.3.0] AndroidManifest.xml:47:25-85
207            </intent-filter>
208            <intent-filter>
208-->[androidx.profileinstaller:profileinstaller:1.3.0] AndroidManifest.xml:49:13-51:29
209                <action android:name="androidx.profileinstaller.action.BENCHMARK_OPERATION" />
209-->[androidx.profileinstaller:profileinstaller:1.3.0] AndroidManifest.xml:50:17-95
209-->[androidx.profileinstaller:profileinstaller:1.3.0] AndroidManifest.xml:50:25-92
210            </intent-filter>
211        </receiver>
212
213        <service
213-->[com.google.android.datatransport:transport-backend-cct:3.1.8] AndroidManifest.xml:28:9-34:19
214            android:name="com.google.android.datatransport.runtime.backends.TransportBackendDiscovery"
214-->[com.google.android.datatransport:transport-backend-cct:3.1.8] AndroidManifest.xml:29:13-103
215            android:exported="false" >
215-->[com.google.android.datatransport:transport-backend-cct:3.1.8] AndroidManifest.xml:30:13-37
216            <meta-data
216-->[com.google.android.datatransport:transport-backend-cct:3.1.8] AndroidManifest.xml:31:13-33:39
217                android:name="backend:com.google.android.datatransport.cct.CctBackendFactory"
217-->[com.google.android.datatransport:transport-backend-cct:3.1.8] AndroidManifest.xml:32:17-94
218                android:value="cct" />
218-->[com.google.android.datatransport:transport-backend-cct:3.1.8] AndroidManifest.xml:33:17-36
219        </service>
220        <service
220-->[com.google.android.datatransport:transport-runtime:3.1.8] AndroidManifest.xml:26:9-30:19
221            android:name="com.google.android.datatransport.runtime.scheduling.jobscheduling.JobInfoSchedulerService"
221-->[com.google.android.datatransport:transport-runtime:3.1.8] AndroidManifest.xml:27:13-117
222            android:exported="false"
222-->[com.google.android.datatransport:transport-runtime:3.1.8] AndroidManifest.xml:28:13-37
223            android:permission="android.permission.BIND_JOB_SERVICE" >
223-->[com.google.android.datatransport:transport-runtime:3.1.8] AndroidManifest.xml:29:13-69
224        </service>
225
226        <receiver
226-->[com.google.android.datatransport:transport-runtime:3.1.8] AndroidManifest.xml:32:9-34:40
227            android:name="com.google.android.datatransport.runtime.scheduling.jobscheduling.AlarmManagerSchedulerBroadcastReceiver"
227-->[com.google.android.datatransport:transport-runtime:3.1.8] AndroidManifest.xml:33:13-132
228            android:exported="false" />
228-->[com.google.android.datatransport:transport-runtime:3.1.8] AndroidManifest.xml:34:13-37
229    </application>
230
231</manifest>